# JRE version: Java(TM) SE Runtime Environment (16.0.2+7) (build 16.0.2+7-67)
# Java VM: Java HotSpot(TM) 64-Bit Server VM (16.0.2+7-67, mixed mode, sharing, tiered, compressed oops, compressed class ptrs, g1 gc, windows-amd64)
GC Precious Log:
 CPUs: 16 total, 16 available
 Memory: 16273M
 Large Page Support: Disabled
 NUMA Support: Disabled
 Compressed Oops: Enabled (Zero based)
 Heap Region Size: 2M
 Heap Min Capacity: 8M
 Heap Initial Capacity: 256M
 Heap Max Capacity: 4070M
 Pre-touch: Disabled
 Parallel Workers: 13
 Concurrent Workers: 3
 Concurrent Refinement Workers: 13
 Periodic GC: Disabled
Heap:
 garbage-first heap   total 55296K, used 27492K [0x0000000701a00000, 0x0000000800000000)
  region size 2048K, 9 young (18432K), 2 survivors (4096K)
 Metaspace       used 26278K, committed 26560K, reserved 1073152K
  class space    used 3366K, committed 3520K, reserved 1048576K
GC Heap History (8 events):
Event: 0.479 GC heap before
{Heap before GC invocations=0 (full 0):
 garbage-first heap   total 262144K, used 22528K [0x0000000701a00000, 0x0000000800000000)
  region size 2048K, 11 young (22528K), 0 survivors (0K)
 Metaspace       used 4753K, committed 4928K, reserved 1056768K
  class space    used 520K, committed 576K, reserved 1048576K
}
Event: 0.483 GC heap after
{Heap after GC invocations=1 (full 0):
 garbage-first heap   total 262144K, used 2771K [0x0000000701a00000, 0x0000000800000000)
  region size 2048K, 2 young (4096K), 2 survivors (4096K)
 Metaspace       used 4753K, committed 4928K, reserved 1056768K
  class space    used 520K, committed 576K, reserved 1048576K
}
Event: 0.862 GC heap before
{Heap before GC invocations=1 (full 0):
 garbage-first heap   total 262144K, used 37587K [0x0000000701a00000, 0x0000000800000000)
  region size 2048K, 20 young (40960K), 2 survivors (4096K)
 Metaspace       used 14187K, committed 14400K, reserved 1064960K
  class space    used 2052K, committed 2176K, reserved 1048576K
}
Event: 0.867 GC heap after
{Heap after GC invocations=2 (full 0):
 garbage-first heap   total 262144K, used 6766K [0x0000000701a00000, 0x0000000800000000)
  region size 2048K, 3 young (6144K), 3 survivors (6144K)
 Metaspace       used 14187K, committed 14400K, reserved 1064960K
  class space    used 2052K, committed 2176K, reserved 1048576K
}
Event: 5.754 GC heap before
{Heap before GC invocations=2 (full 0):
 garbage-first heap   total 262144K, used 29294K [0x0000000701a00000, 0x0000000800000000)
  region size 2048K, 14 young (28672K), 3 survivors (6144K)
 Metaspace       used 21040K, committed 21248K, reserved 1073152K
  class space    used 2753K, committed 2880K, reserved 1048576K
}
Event: 5.758 GC heap after
{Heap after GC invocations=3 (full 0):
 garbage-first heap   total 262144K, used 12230K [0x0000000701a00000, 0x0000000800000000)
  region size 2048K, 5 young (10240K), 5 survivors (10240K)
 Metaspace       used 21040K, committed 21248K, reserved 1073152K
  class space    used 2753K, committed 2880K, reserved 1048576K
}
Event: 7.288 GC heap before
{Heap before GC invocations=4 (full 0):
 garbage-first heap   total 55296K, used 34758K [0x0000000701a00000, 0x0000000800000000)
  region size 2048K, 16 young (32768K), 5 survivors (10240K)
 Metaspace       used 25153K, committed 25408K, reserved 1073152K
  class space    used 3313K, committed 3456K, reserved 1048576K
}
Event: 7.297 GC heap after
{Heap after GC invocations=5 (full 0):
 garbage-first heap   total 55296K, used 15204K [0x0000000701a00000, 0x0000000800000000)
  region size 2048K, 2 young (4096K), 2 survivors (4096K)
 Metaspace       used 25153K, committed 25408K, reserved 1073152K
  class space    used 3313K, committed 3456K, reserved 1048576K
}

